c:\users\lg\documents\visual studio 2015\projects\c-2020\7week\debug\vc140.pdb
c:\users\lg\documents\visual studio 2015\projects\c-2020\7week\debug\vc140.idb
c:\users\lg\documents\visual studio 2015\projects\c-2020\7week\debug\과제실험.obj
c:\users\lg\documents\visual studio 2015\projects\c-2020\7week\debug\extern용.obj
c:\users\lg\documents\visual studio 2015\projects\c-2020\7week\debug\time.obj
c:\users\lg\documents\visual studio 2015\projects\c-2020\7week\debug\extern.obj
c:\users\lg\documents\visual studio 2015\projects\c-2020\7week\debug\extern2.obj
c:\users\lg\documents\visual studio 2015\projects\c-2020\7week\debug\extern1.obj
c:\users\lg\documents\visual studio 2015\projects\c-2020\7week\debug\과제.obj
c:\users\lg\documents\visual studio 2015\projects\c-2020\7week\debug\ex2a.obj
c:\users\lg\documents\visual studio 2015\projects\c-2020\7week\debug\ex2b.obj
c:\users\lg\documents\visual studio 2015\projects\c-2020\7week\debug\ex2c.obj
c:\users\lg\documents\visual studio 2015\projects\c-2020\debug\7week.ilk
c:\users\lg\documents\visual studio 2015\projects\c-2020\debug\7week.exe
c:\users\lg\documents\visual studio 2015\projects\c-2020\debug\7week.pdb
c:\users\lg\documents\visual studio 2015\projects\c-2020\7week\debug\7week.tlog\cl.command.1.tlog
c:\users\lg\documents\visual studio 2015\projects\c-2020\7week\debug\7week.tlog\cl.read.1.tlog
c:\users\lg\documents\visual studio 2015\projects\c-2020\7week\debug\7week.tlog\cl.write.1.tlog
c:\users\lg\documents\visual studio 2015\projects\c-2020\7week\debug\7week.tlog\link.command.1.tlog
c:\users\lg\documents\visual studio 2015\projects\c-2020\7week\debug\7week.tlog\link.read.1.tlog
c:\users\lg\documents\visual studio 2015\projects\c-2020\7week\debug\7week.tlog\link.write.1.tlog
