c:\users\lg\documents\visual studio 2015\projects\c-2020\4week\debug\vc140.pdb
c:\users\lg\documents\visual studio 2015\projects\c-2020\4week\debug\vc140.idb
c:\users\lg\documents\visual studio 2015\projects\c-2020\4week\debug\scanf-1.obj
c:\users\lg\documents\visual studio 2015\projects\c-2020\4week\debug\실험.obj
c:\users\lg\documents\visual studio 2015\projects\c-2020\4week\debug\예제4.1(149p).obj
c:\users\lg\documents\visual studio 2015\projects\c-2020\4week\debug\예제4.9.obj
c:\users\lg\documents\visual studio 2015\projects\c-2020\4week\debug\예제4.10.obj
c:\users\lg\documents\visual studio 2015\projects\c-2020\4week\debug\예제4.11.obj
c:\users\lg\documents\visual studio 2015\projects\c-2020\debug\4week.pdb
c:\users\lg\documents\visual studio 2015\projects\c-2020\4week\debug\4week.tlog\cl.command.1.tlog
c:\users\lg\documents\visual studio 2015\projects\c-2020\4week\debug\4week.tlog\cl.read.1.tlog
c:\users\lg\documents\visual studio 2015\projects\c-2020\4week\debug\4week.tlog\cl.write.1.tlog
c:\users\lg\documents\visual studio 2015\projects\c-2020\4week\debug\4week.tlog\link.8120-cvtres.read.1.tlog
c:\users\lg\documents\visual studio 2015\projects\c-2020\4week\debug\4week.tlog\link.8120-cvtres.write.1.tlog
c:\users\lg\documents\visual studio 2015\projects\c-2020\4week\debug\4week.tlog\link.8120-rc.read.1.tlog
c:\users\lg\documents\visual studio 2015\projects\c-2020\4week\debug\4week.tlog\link.8120-rc.write.1.tlog
c:\users\lg\documents\visual studio 2015\projects\c-2020\4week\debug\4week.tlog\link.8120.read.1.tlog
c:\users\lg\documents\visual studio 2015\projects\c-2020\4week\debug\4week.tlog\link.8120.write.1.tlog
c:\users\lg\documents\visual studio 2015\projects\c-2020\4week\debug\4week.tlog\link.command.1.tlog
c:\users\lg\documents\visual studio 2015\projects\c-2020\4week\debug\4week.tlog\link.read.1.tlog
c:\users\lg\documents\visual studio 2015\projects\c-2020\4week\debug\4week.tlog\link.write.1.tlog
